2018-07-19 17:49:43.407 start1...
2018-07-19 17:49:43.407 STATUS1: 200
2018-07-19 17:49:43.407 end1...
STATUS2: 200
sh 603060
end2...
success：603060
STATUS2: 200
sz 300573
end2...
success：300573
STATUS2: 200
sh 603999
end2...
success：603999
STATUS2: 200
sz 300225
end2...
success：300225
STATUS2: 200
sz 002328
end2...
success：002328
STATUS2: 200
sz 002518
end2...
success：002518
STATUS2: 200
sz 300217
end2...
success：300217
STATUS2: 200
sz 000408
end2...
success：000408
STATUS2: 200
sz 002796
end2...
success：002796
STATUS2: 200
sz 000420
end2...
success：000420
STATUS2: 200
sh 600225
end2...
success：600225
STATUS2: 200
sz 300292
end2...
success：300292
STATUS2: 200
sh 600376
end2...
success：600376
STATUS2: 200
sz 300445
end2...
success：300445
STATUS2: 200
sz 300053
end2...
success：300053
STATUS2: 200
sh 600269
end2...
success：600269
STATUS2: 200
sh 603698
end2...
success：603698
STATUS2: 200
sz 300587
end2...
success：300587
STATUS2: 200
sz 300043
end2...
success：300043
STATUS2: 200
sh 601611
end2...
success：601611
STATUS2: 200
sz 002561
end2...
success：002561
STATUS2: 200
sh 600033
end2...
success：600033
STATUS2: 200
sh 603117
2018-07-19 17:50:29.746 start1...
2018-07-19 17:50:29.746 STATUS1: 200
2018-07-19 17:50:29.746 end1...
STATUS2: 200
sh 603060
end2...
success：603060
STATUS2: 200
sz 300573
end2...
success：300573
STATUS2: 200
sh 603999
end2...
success：603999
STATUS2: 200
sz 300225
end2...
success：300225
STATUS2: 200
sz 002328
end2...
success：002328
STATUS2: 200
sz 002518
end2...
success：002518
STATUS2: 200
sz 300217
end2...
success：300217
STATUS2: 200
sz 000408
end2...
success：000408
STATUS2: 200
sz 002796
end2...
success：002796
STATUS2: 200
sz 000420
end2...
success：000420
STATUS2: 200
sh 600225
end2...
success：600225
STATUS2: 200
sz 300292
end2...
success：300292
STATUS2: 200
sh 600376
end2...
success：600376
STATUS2: 200
sz 300445
end2...
success：300445
STATUS2: 200
sz 300053
end2...
success：300053
STATUS2: 200
sh 600269
end2...
success：600269
STATUS2: 200
sh 603698
end2...
success：603698
STATUS2: 200
sz 300587
end2...
success：300587
STATUS2: 200
sz 300043
end2...
success：300043
STATUS2: 200
sh 601611
end2...
success：601611
STATUS2: 200
sz 002561
end2...
success：002561
STATUS2: 200
sh 600033
end2...
success：600033
STATUS2: 200
sh 603117
end2...
success：603117
STATUS2: 200
sz 002702
end2...
success：002702
STATUS2: 200
sz 002737
end2...
success：002737
STATUS2: 200
sh 600642
end2...
success：600642
STATUS2: 200
sz 002352
end2...
success：002352
STATUS2: 200
sz 300514
end2...
success：300514
STATUS2: 200
sh 603817
end2...
success：603817
STATUS2: 200
sh 600406
end2...
success：600406
STATUS2: 200
sz 300212
end2...
success：300212
STATUS2: 200
sz 300135
end2...
success：300135
STATUS2: 200
sz 300177
end2...
success：300177
STATUS2: 200
sz 300095
end2...
success：300095
STATUS2: 200
sh 600403
end2...
success：600403
STATUS2: 200
sz 000045
end2...
success：000045
STATUS2: 200
sz 002231
end2...
success：002231
STATUS2: 200
sz 002690
end2...
success：002690
STATUS2: 200
sh 600894
end2...
success：600894
STATUS2: 200
sh 601668
end2...
success：601668
STATUS2: 200
sz 300407
end2...
success：300407
STATUS2: 200
sz 300185
end2...
success：300185
STATUS2: 200
sh 600965
end2...
success：600965
STATUS2: 200
sz 000018
end2...
success：000018
STATUS2: 200
sz 300330
end2...
success：300330
STATUS2: 200
sz 000957
end2...
success：000957
STATUS2: 200
sz 000836
end2...
success：000836
STATUS2: 200
sz 002747
end2...
success：002747
STATUS2: 200
sh 603898
end2...
success：603898
STATUS2: 200
sz 000848
end2...
success：000848
STATUS2: 200
sz 002887
end2...
success：002887
STATUS2: 200
sh 600455
end2...
success：600455
STATUS2: 200
sz 300363
end2...
success：300363
STATUS2: 200
sh 600187
end2...
success：600187
STATUS2: 200
sz 002033
end2...
success：002033
STATUS2: 200
sh 600977
end2...
success：600977
STATUS2: 200
sz 002488
end2...
success：002488
STATUS2: 200
sh 603979
end2...
success：603979
STATUS2: 200
sz 002144
end2...
success：002144
STATUS2: 200
sh 600711
end2...
success：600711
STATUS2: 200
sh 600515
end2...
success：600515
STATUS2: 200
sh 600626
end2...
success：600626
STATUS2: 200
sh 603366
end2...
success：603366
STATUS2: 200
sh 603727
end2...
success：603727
STATUS2: 200
sh 603676
end2...
success：603676
STATUS2: 200
sz 002435
end2...
success：002435
STATUS2: 200
sh 600588
end2...
success：600588
STATUS2: 200
sz 000726
end2...
success：000726
STATUS2: 200
sz 300579
end2...
success：300579
STATUS2: 200
sh 601126
end2...
success：601126
STATUS2: 200
sh 600271
end2...
success：600271
STATUS2: 200
sz 002325
end2...
success：002325
STATUS2: 200
sz 002823
end2...
success：002823
STATUS2: 200
sh 600771
end2...
success：600771
STATUS2: 200
sh 603389
end2...
success：603389
STATUS2: 200
sz 002117
end2...
success：002117
STATUS2: 200
sz 002449
end2...
success：002449
STATUS2: 200
sz 000996
end2...
success：000996
STATUS2: 200
sh 600548
end2...
success：600548
STATUS2: 200
sz 002405
end2...
success：002405
STATUS2: 200
sz 000815
end2...
success：000815
STATUS2: 200
sh 600036
end2...
success：600036
STATUS2: 200
sh 600488
end2...
success：600488
STATUS2: 200
sh 600463
end2...
success：600463
STATUS2: 200
sh 600532
end2...
success：600532
STATUS2: 200
sh 601579
end2...
success：601579
STATUS2: 200
sz 000703
end2...
success：000703
STATUS2: 200
sz 002504
end2...
success：002504
STATUS2: 200
sz 300467
end2...
success：300467
STATUS2: 200
sh 601618
end2...
success：601618
STATUS2: 200
sz 300551
end2...
success：300551
STATUS2: 200
sz 002047
end2...
success：002047
STATUS2: 200
sh 600433
end2...
success：600433
STATUS2: 200
sh 600856
end2...
success：600856
STATUS2: 200
sh 603636
end2...
success：603636
STATUS2: 200
sz 300073
end2...
success：300073
STATUS2: 200
sz 300246
end2...
success：300246
STATUS2: 200
sz 300005
end2...
success：300005
STATUS2: 200
sh 600776
end2...
success：600776
STATUS2: 200
sz 000892
end2...
success：000892
STATUS2: 200
sz 000932
end2...
success：000932
STATUS2: 200
sz 300267
end2...
success：300267
STATUS2: 200
sh 603909
end2...
success：603909
STATUS2: 200
sz 000066
end2...
success：000066
STATUS2: 200
sh 603077
end2...
success：603077
STATUS2: 200
sh 603883
end2...
success：603883
STATUS2: 200
sz 300113
end2...
success：300113
STATUS2: 200
sh 603903
end2...
success：603903
STATUS2: 200
sz 300556
end2...
success：300556
STATUS2: 200
sh 601000
end2...
success：601000
STATUS2: 200
sz 002311
end2...
success：002311
STATUS2: 200
sz 000812
end2...
success：000812
STATUS2: 200
sz 000001
end2...
success：000001
STATUS2: 200
sz 000153
end2...
success：000153
STATUS2: 200
sh 600569
end2...
success：600569
STATUS2: 200
sh 603277
end2...
success：603277
STATUS2: 200
sh 603393
end2...
success：603393
STATUS2: 200
sh 603595
end2...
success：603595
STATUS2: 200
sh 600373
end2...
success：600373
STATUS2: 200
sh 601099
end2...
success：601099
STATUS2: 200
sz 000690
end2...
success：000690
STATUS2: 200
sh 600703
end2...
success：600703
STATUS2: 200
sh 603030
end2...
success：603030
STATUS2: 200
sh 601588
end2...
success：601588
STATUS2: 200
sz 002081
end2...
success：002081
STATUS2: 200
sz 300065
end2...
success：300065
STATUS2: 200
sz 300645
end2...
success：300645
STATUS2: 200
sh 603801
end2...
success：603801
STATUS2: 200
sz 002860
end2...
success：002860
STATUS2: 200
sz 002103
end2...
success：002103
STATUS2: 200
sz 002087
end2...
success：002087
STATUS2: 200
sh 603139
end2...
success：603139
STATUS2: 200
sz 002496
end2...
success：002496
STATUS2: 200
sz 002420
end2...
success：002420
STATUS2: 200
sz 002519
end2...
success：002519
STATUS2: 200
sh 600220
end2...
success：600220
STATUS2: 200
sh 600687
end2...
success：600687
STATUS2: 200
sz 300376
end2...
success：300376
STATUS2: 200
sz 300708
end2...
success：300708
STATUS2: 200
sz 002292
end2...
success：002292
STATUS2: 200
sz 300291
end2...
success：300291
STATUS2: 200
sz 000985
end2...
success：000985
STATUS2: 200
sh 603599
end2...
success：603599
STATUS2: 200
sz 000559
end2...
success：000559
STATUS2: 200
sz 002797
end2...
success：002797
STATUS2: 200
sh 601727
end2...
success：601727
STATUS2: 200
sh 600844
end2...
success：600844
STATUS2: 200
sz 002404
end2...
success：002404
STATUS2: 200
sz 002132
end2...
success：002132
STATUS2: 200
sh 600839
end2...
success：600839
STATUS2: 200
sz 300563
end2...
success：300563
STATUS2: 200
sz 000590
end2...
success：000590
STATUS2: 200
sh 603708
end2...
success：603708
STATUS2: 200
sh 600312
end2...
success：600312
STATUS2: 200
sz 300667
end2...
success：300667
STATUS2: 200
sz 300107
end2...
success：300107
STATUS2: 200
sz 000509
end2...
success：000509
STATUS2: 200
sz 300077
end2...
success：300077
STATUS2: 200
sz 300654
end2...
success：300654
STATUS2: 200
sz 002275
end2...
success：002275
STATUS2: 200
sz 000897
end2...
success：000897
STATUS2: 200
sh 600039
end2...
success：600039
STATUS2: 200
sh 603639
end2...
success：603639
STATUS2: 200
sh 600099
end2...
success：600099
STATUS2: 200
sh 600467
end2...
success：600467
STATUS2: 200
sz 002761
end2...
success：002761
STATUS2: 200
sh 600805
end2...
success：600805
STATUS2: 200
sz 300324
end2...
success：300324
STATUS2: 200
sh 600785
end2...
success：600785
STATUS2: 200
sz 002788
end2...
success：002788
STATUS2: 200
sh 601801
end2...
success：601801
STATUS2: 200
sz 002660
end2...
success：002660
STATUS2: 200
sh 601211
end2...
success：601211
STATUS2: 200
sh 603331
end2...
success：603331
STATUS2: 200
sh 600683
end2...
success：600683
STATUS2: 200
sz 000573
end2...
success：000573
STATUS2: 200
sh 600993
end2...
success：600993
STATUS2: 200
sz 000078
end2...
success：000078
STATUS2: 200
sh 603615
end2...
success：603615
STATUS2: 200
sz 300387
end2...
success：300387
STATUS2: 200
sz 002686
end2...
success：002686
STATUS2: 200
sh 600272
end2...
success：600272
STATUS2: 200
sh 600400
end2...
success：600400
STATUS2: 200
sh 601058
end2...
success：601058
STATUS2: 200
sz 002057
end2...
success：002057
STATUS2: 200
sz 300272
end2...
success：300272
STATUS2: 200
sh 600562
end2...
success：600562
STATUS2: 200
sz 002120
end2...
success：002120
STATUS2: 200
sz 002644
end2...
success：002644
STATUS2: 200
sh 600581
end2...
success：600581
STATUS2: 200
sh 600992
end2...
success：600992
STATUS2: 200
sz 002821
end2...
success：002821
STATUS2: 200
sh 600704
end2...
success：600704
STATUS2: 200
sh 600477
end2...
success：600477
STATUS2: 200
sz 002354
end2...
success：002354
STATUS2: 200
sz 300045
end2...
success：300045
STATUS2: 200
sz 002397
end2...
success：002397
STATUS2: 200
sz 300188
end2...
success：300188
STATUS2: 200
sz 000908
end2...
success：000908
STATUS2: 200
sh 600379
end2...
success：600379
STATUS2: 200
sz 000600
end2...
success：000600
STATUS2: 200
sh 603887
end2...
success：603887
STATUS2: 200
sh 603128
end2...
success：603128
STATUS2: 200
sz 300280
end2...
success：300280
STATUS2: 200
sz 300040
end2...
success：300040
STATUS2: 200
sz 000921
end2...
success：000921
STATUS2: 200
sh 601388
end2...
success：601388
STATUS2: 200
sz 002031
end2...
success：002031
STATUS2: 200
sz 002304
end2...
success：002304
STATUS2: 200
sz 300316
end2...
success：300316
STATUS2: 200
sz 300638
end2...
success：300638
STATUS2: 200
sh 600886
end2...
success：600886
STATUS2: 200
sh 603869
end2...
success：603869
STATUS2: 200
sz 300328
end2...
success：300328
STATUS2: 200
sz 002453
end2...
success：002453
STATUS2: 200
sz 002434
end2...
success：002434
STATUS2: 200
sz 002235
end2...
success：002235
STATUS2: 200
sz 300050
end2...
success：300050
STATUS2: 200
sh 600651
end2...
success：600651
STATUS2: 200
sz 300173
end2...
success：300173
STATUS2: 200
sz 002317
end2...
success：002317
STATUS2: 200
sz 002221
end2...
success：002221
STATUS2: 200
sh 600419
end2...
success：600419
STATUS2: 200
sz 000731
end2...
success：000731
STATUS2: 200
sz 300204
end2...
success：300204
STATUS2: 200
sh 603528
end2...
success：603528
STATUS2: 200
sz 002760
end2...
success：002760
STATUS2: 200
sz 002378
end2...
success：002378
STATUS2: 200
sh 600815
end2...
success：600815
STATUS2: 200
sh 603168
end2...
success：603168
STATUS2: 200
sz 002871
end2...
success：002871
STATUS2: 200
sz 300559
end2...
success：300559
STATUS2: 200
sh 600619
end2...
success：600619
STATUS2: 200
sh 600614
end2...
success：600614
STATUS2: 200
sz 000825
end2...
success：000825
STATUS2: 200
sz 300385
end2...
success：300385
STATUS2: 200
sz 300386
end2...
success：300386
STATUS2: 200
sz 300572
end2...
success：300572
STATUS2: 200
sz 002071
end2...
success：002071
STATUS2: 200
sh 600859
end2...
success：600859
STATUS2: 200
sz 000906
end2...
success：000906
STATUS2: 200
sz 000719
end2...
success：000719
STATUS2: 200
sz 002560
end2...
success：002560
STATUS2: 200
sz 002575
end2...
success：002575
STATUS2: 200
sz 002095
end2...
success：002095
STATUS2: 200
sh 600157
end2...
success：600157
STATUS2: 200
sz 300642
end2...
success：300642
STATUS2: 200
sh 600675
end2...
success：600675
STATUS2: 200
sh 600986
end2...
success：600986
STATUS2: 200
sz 002339
end2...
success：002339
STATUS2: 200
sz 300493
end2...
success：300493
STATUS2: 200
sz 300259
end2...
success：300259
STATUS2: 200
sz 300305
end2...
success：300305
STATUS2: 200
sz 300415
end2...
success：300415
STATUS2: 200
sz 300488
end2...
success：300488
STATUS2: 200
sz 300126
end2...
success：300126
STATUS2: 200
sh 600677
end2...
success：600677
STATUS2: 200
sz 002206
end2...
success：002206
STATUS2: 200
sz 002205
end2...
success：002205
STATUS2: 200
sz 002146
end2...
success：002146
STATUS2: 200
sh 600519
end2...
success：600519
STATUS2: 200
sh 603608
end2...
success：603608
STATUS2: 200
sz 002599
end2...
success：002599
STATUS2: 200
sz 002110
end2...
success：002110
STATUS2: 200
sh 600184
end2...
success：600184
STATUS2: 200
sh 600980
end2...
success：600980
STATUS2: 200
sh 603055
end2...
success：603055
STATUS2: 200
sz 000402
end2...
success：000402
STATUS2: 200
sz 000166
end2...
success：000166
STATUS2: 200
sh 600765
end2...
success：600765
STATUS2: 200
sz 002072
end2...
success：002072
STATUS2: 200
sz 002517
end2...
success：002517
STATUS2: 200
sh 600803
end2...
success：600803
STATUS2: 200
sz 002632
end2...
success：002632
STATUS2: 200
sh 600318
end2...
success：600318
STATUS2: 200
sz 002839
end2...
success：002839
STATUS2: 200
sh 600313
end2...
success：600313
STATUS2: 200
sh 600116
end2...
success：600116
STATUS2: 200
sz 002411
end2...
success：002411
STATUS2: 200
sz 002301
end2...
success：002301
STATUS2: 200
sh 603966
end2...
success：603966
STATUS2: 200
sh 600533
end2...
success：600533
STATUS2: 200
sh 603519
end2...
success：603519
STATUS2: 200
sh 600469
end2...
success：600469
STATUS2: 200
sh 600602
end2...
success：600602
STATUS2: 200
sz 300475
end2...
success：300475
STATUS2: 200
sz 002245
end2...
success：002245
STATUS2: 200
sz 000031
end2...
success：000031
STATUS2: 200
sz 002351
end2...
success：002351
STATUS2: 200
sz 002385
end2...
success：002385
STATUS2: 200
sh 600789
end2...
success：600789
STATUS2: 200
sh 601857
end2...
success：601857
STATUS2: 200
sh 603716
end2...
success：603716
STATUS2: 200
sz 002170
end2...
success：002170
STATUS2: 200
sh 603026
end2...
success：603026
STATUS2: 200
sh 600637
end2...
success：600637
STATUS2: 200
sh 603043
end2...
success：603043
STATUS2: 200
sz 000007
end2...
success：000007
STATUS2: 200
sz 300110
end2...
success：300110
STATUS2: 200
sh 600090
end2...
success：600090
STATUS2: 200
sz 300379
end2...
success：300379
STATUS2: 200
sh 600875
end2...
success：600875
STATUS2: 200
sz 000026
end2...
success：000026
STATUS2: 200
sz 000016
end2...
success：000016
STATUS2: 200
sz 300166
end2...
success：300166
STATUS2: 200
sh 600133
end2...
success：600133
STATUS2: 200
sh 603078
end2...
success：603078
STATUS2: 200
sz 300352
end2...
success：300352
STATUS2: 200
sh 600346
end2...
success：600346
STATUS2: 200
sh 601368
end2...
success：601368
STATUS2: 200
sh 603683
end2...
success：603683
STATUS2: 200
sh 600493
end2...
success：600493
STATUS2: 200
sh 601881
end2...
success：601881
STATUS2: 200
sz 000633
end2...
success：000633
STATUS2: 200
sz 300208
end2...
success：300208
STATUS2: 200
sh 600308
end2...
success：600308
STATUS2: 200
sh 603160
end2...
success：603160
STATUS2: 200
sh 600599
end2...
success：600599
STATUS2: 200
sh 600546
end2...
success：600546
STATUS2: 200
sz 000677
end2...
success：000677
STATUS2: 200
sh 600107
end2...
success：600107
STATUS2: 200
sh 600148
end2...
success：600148
STATUS2: 200
sz 000564
end2...
success：000564
STATUS2: 200
sz 002709
end2...
success：002709
STATUS2: 200
sh 601965
end2...
success：601965
STATUS2: 200
sz 002515
end2...
success：002515
STATUS2: 200
sz 300301
end2...
success：300301
STATUS2: 200
sh 600600
end2...
success：600600
STATUS2: 200
sh 600819
end2...
success：600819
STATUS2: 200
sz 300531
end2...
success：300531
STATUS2: 200
sz 300130
end2...
success：300130
STATUS2: 200
sz 002138
end2...
success：002138
STATUS2: 200
sh 603758
end2...
success：603758
STATUS2: 200
sh 600702
end2...
success：600702
STATUS2: 200
sz 000563
end2...
success：000563
STATUS2: 200
sz 300554
end2...
success：300554
STATUS2: 200
sz 002436
end2...
success：002436
STATUS2: 200
sh 600713
end2...
success：600713
STATUS2: 200
sz 300147
end2...
success：300147
STATUS2: 200
sz 300235
end2...
success：300235
STATUS2: 200
sz 000570
end2...
success：000570
STATUS2: 200
sh 601567
end2...
success：601567
STATUS2: 200
sz 002672
end2...
success：002672
STATUS2: 200
sz 300437
end2...
success：300437
STATUS2: 200
sh 600663
end2...
success：600663
STATUS2: 200
sz 002695
end2...
success：002695
STATUS2: 200
sh 603018
end2...
success：603018
STATUS2: 200
sz 300383
end2...
success：300383
STATUS2: 200
sz 000862
end2...
success：000862
STATUS2: 200
sz 300570
end2...
success：300570
STATUS2: 200
sh 601901
end2...
success：601901
STATUS2: 200
sz 300703
end2...
success：300703
STATUS2: 200
sz 300471
end2...
success：300471
STATUS2: 200
sh 603978
end2...
success：603978
STATUS2: 200
sz 002506
end2...
success：002506
STATUS2: 200
sz 002381
end2...
success：002381
STATUS2: 200
sh 603002
end2...
success：603002
STATUS2: 200
sh 603126
end2...
success：603126
STATUS2: 200
sz 000008
end2...
success：000008
STATUS2: 200
sz 002509
end2...
success：002509
STATUS2: 200
sh 603416
end2...
success：603416
STATUS2: 200
sh 600020
end2...
success：600020
STATUS2: 200
sz 002013
end2...
success：002013
STATUS2: 200
sz 300068
end2...
success：300068
STATUS2: 200
sh 600576
end2...
success：600576
STATUS2: 200
sz 000068
end2...
success：000068
STATUS2: 200
sh 600141
end2...
success：600141
STATUS2: 200
sh 601888
end2...
success：601888
STATUS2: 200
sh 603839
end2...
success：603839
STATUS2: 200
sz 000752
end2...
success：000752
STATUS2: 200
sz 000967
end2...
success：000967
STATUS2: 200
sz 002654
end2...
success：002654
STATUS2: 200
sz 002807
end2...
success：002807
STATUS2: 200
sz 002384
end2...
success：002384
STATUS2: 200
sz 002045
end2...
success：002045
STATUS2: 200
sh 603882
end2...
success：603882
STATUS2: 200
sh 601225
end2...
success：601225
STATUS2: 200
sz 300596
end2...
success：300596
STATUS2: 200
sz 002176
end2...
success：002176
STATUS2: 200
sh 600004
end2...
success：600004
STATUS2: 200
sh 601088
end2...
success：601088
STATUS2: 200
sz 002637
end2...
success：002637
STATUS2: 200
sz 002687
end2...
success：002687
STATUS2: 200
sh 603103
end2...
success：603103
STATUS2: 200
sh 600694
end2...
success：600694
STATUS2: 200
sh 600155
end2...
success：600155
STATUS2: 200
sh 600132
end2...
success：600132
STATUS2: 200
sz 300075
end2...
success：300075
STATUS2: 200
sh 600241
end2...
success：600241
STATUS2: 200
sz 300449
end2...
success：300449
STATUS2: 200
sz 300394
end2...
success：300394
STATUS2: 200
sz 002267
end2...
success：002267
STATUS2: 200
sz 002268
end2...
success：002268
STATUS2: 200
sz 300343
end2...
success：300343
STATUS2: 200
sz 000627
end2...
success：000627
STATUS2: 200
sz 000789
end2...
success：000789
STATUS2: 200
sh 600089
end2...
success：600089
STATUS2: 200
sz 300604
end2...
success：300604
STATUS2: 200
sh 601929
end2...
success：601929
STATUS2: 200
sh 603885
end2...
success：603885
STATUS2: 200
sh 603988
end2...
success：603988
STATUS2: 200
sz 002005
end2...
success：002005
STATUS2: 200
sz 300031
end2...
success：300031
STATUS2: 200
sz 002586
end2...
success：002586
STATUS2: 200
sz 300260
end2...
success：300260
STATUS2: 200
sh 600128
end2...
success：600128
STATUS2: 200
sz 000006
end2...
success：000006
STATUS2: 200
sz 300710
end2...
success：300710
STATUS2: 200
sh 603188
end2...
success：603188
STATUS2: 200
sz 002490
end2...
success：002490
STATUS2: 200
sh 600880
end2...
success：600880
STATUS2: 200
sz 000990
end2...
success：000990
STATUS2: 200
sz 300410
end2...
success：300410
STATUS2: 200
sz 002060
end2...
success：002060
STATUS2: 200
sh 600158
end2...
success：600158
STATUS2: 200
sh 603679
end2...
success：603679
STATUS2: 200
sh 603444
end2...
success：603444
STATUS2: 200
sh 600323
end2...
success：600323
STATUS2: 200
sz 002531
end2...
success：002531
STATUS2: 200
sh 603123
end2...
success：603123
STATUS2: 200
sh 600981
end2...
success：600981
STATUS2: 200
sh 600382
end2...
success：600382
STATUS2: 200
sz 000418
end2...
success：000418
STATUS2: 200
sz 002842
end2...
success：002842
STATUS2: 200
sz 002808
end2...
success：002808
STATUS2: 200
sh 603601
end2...
success：603601
STATUS2: 200
sz 000056
end2...
success：000056
STATUS2: 200
sh 600109
end2...
success：600109
STATUS2: 200
sh 600779
end2...
success：600779
STATUS2: 200
sz 000544
end2...
success：000544
STATUS2: 200
sh 601628
end2...
success：601628
STATUS2: 200
sz 300074
end2...
success：300074
STATUS2: 200
sz 002109
end2...
success：002109
STATUS2: 200
sh 600684
end2...
success：600684
STATUS2: 200
sz 002239
end2...
success：002239
STATUS2: 200
sz 002334
end2...
success：002334
STATUS2: 200
sz 002187
end2...
success：002187
STATUS2: 200
sh 603488
end2...
success：603488
STATUS2: 200
sz 002457
end2...
success：002457
STATUS2: 200
sz 000915
end2...
success：000915
STATUS2: 200
sh 600177
end2...
success：600177
STATUS2: 200
sh 600666
end2...
success：600666
STATUS2: 200
sh 603922
end2...
success：603922
STATUS2: 200
sh 600736
end2...
success：600736
STATUS2: 200
sz 002049
end2...
success：002049
STATUS2: 200
sz 300549
end2...
success：300549
STATUS2: 200
sz 000065
end2...
success：000065
STATUS2: 200
sz 300274
end2...
success：300274
STATUS2: 200
sh 601018
end2...
success：601018
STATUS2: 200
sz 000911
end2...
success：000911
STATUS2: 200
sz 002467
end2...
success：002467
STATUS2: 200
sz 000656
end2...
success：000656
STATUS2: 200
sz 300656
end2...
success：300656
STATUS2: 200
sh 600883
end2...
success：600883
STATUS2: 200
sz 000513
end2...
success：000513
STATUS2: 200
sh 600123
end2...
success：600123
STATUS2: 200
sz 300452
end2...
success：300452
STATUS2: 200
sh 600846
end2...
success：600846
STATUS2: 200
sz 000528
end2...
success：000528
STATUS2: 200
sz 002097
end2...
success：002097
STATUS2: 200
sz 300191
end2...
success：300191
STATUS2: 200
sz 002353
end2...
success：002353
STATUS2: 200
sh 601898
end2...
success：601898
STATUS2: 200
sz 300261
end2...
success：300261
STATUS2: 200
sz 002254
end2...
success：002254
STATUS2: 200
sh 603118
end2...
success：603118
STATUS2: 200
sz 000687
end2...
success：000687
STATUS2: 200
sz 002765
end2...
success：002765
STATUS2: 200
sh 600476
end2...
success：600476
STATUS2: 200
sz 300279
end2...
success：300279
STATUS2: 200
sz 300187
end2...
success：300187
STATUS2: 200
sh 603225
end2...
success：603225
STATUS2: 200
sh 603133
end2...
success：603133
STATUS2: 200
sh 600335
end2...
success：600335
STATUS2: 200
sh 601222
end2...
success：601222
STATUS2: 200
sh 600729
end2...
success：600729
STATUS2: 200
sz 300099
end2...
success：300099
STATUS2: 200
sh 600420
end2...
success：600420
STATUS2: 200
sz 000978
end2...
success：000978
STATUS2: 200
sz 300455
end2...
success：300455
STATUS2: 200
sh 600081
end2...
success：600081
STATUS2: 200
sh 600351
end2...
success：600351
STATUS2: 200
sh 600674
end2...
success：600674
STATUS2: 200
sz 002172
end2...
success：002172
STATUS2: 200
sz 300248
end2...
success：300248
STATUS2: 200
sh 603131
end2...
success：603131
STATUS2: 200
sh 603928
end2...
success：603928
STATUS2: 200
sz 002125
end2...
success：002125
STATUS2: 200
sz 000063
end2...
success：000063
STATUS2: 200
sz 300286
end2...
success：300286
STATUS2: 200
sz 300160
end2...
success：300160
STATUS2: 200
sh 600520
end2...
success：600520
STATUS2: 200
sz 002781
end2...
success：002781
STATUS2: 200
sz 300011
end2...
success：300011
STATUS2: 200
sz 300487
end2...
success：300487
STATUS2: 200
sh 603686
end2...
success：603686
STATUS2: 200
sh 600088
end2...
success：600088
STATUS2: 200
sh 603042
end2...
success：603042
STATUS2: 200
sz 300518
end2...
success：300518
STATUS2: 200
sz 002554
end2...
success：002554
STATUS2: 200
sz 000333
end2...
success：000333
STATUS2: 200
sh 600712
end2...
success：600712
STATUS2: 200
sz 000529
end2...
success：000529
STATUS2: 200
sz 002247
end2...
success：002247
STATUS2: 200
sh 600983
end2...
success：600983
STATUS2: 200
sz 300308
end2...
success：300308
STATUS2: 200
sz 300609
end2...
success：300609
STATUS2: 200
sz 002041
end2...
success：002041
STATUS2: 200
sh 600425
end2...
success：600425
STATUS2: 200
sh 603838
end2...
success：603838
STATUS2: 200
sz 002716
end2...
success：002716
STATUS2: 200
sz 000510
end2...
success：000510
STATUS2: 200
sz 000100
end2...
success：000100
STATUS2: 200
sh 603358
end2...
success：603358
STATUS2: 200
sh 600078
end2...
success：600078
STATUS2: 200
sh 600535
end2...
success：600535
STATUS2: 200
sz 002143
end2...
success：002143
STATUS2: 200
sz 300693
end2...
success：300693
STATUS2: 200
sz 002387
end2...
success：002387
STATUS2: 200
sz 002598
end2...
success：002598
STATUS2: 200
sz 002118
end2...
success：002118
STATUS2: 200
sz 002803
end2...
success：002803
STATUS2: 200
sh 600984
end2...
success：600984
STATUS2: 200
sz 300537
end2...
success：300537
STATUS2: 200
sh 603339
end2...
success：603339
STATUS2: 200
sz 000811
end2...
success：000811
STATUS2: 200
sz 300326
end2...
success：300326
STATUS2: 200
sh 600366
end2...
success：600366
STATUS2: 200
sz 002873
end2...
success：002873
STATUS2: 200
sz 300044
end2...
success：300044
STATUS2: 200
sz 002577
end2...
success：002577
STATUS2: 200
sh 600635
end2...
success：600635
STATUS2: 200
sh 603699
end2...
success：603699
STATUS2: 200
sz 002203
end2...
success：002203
STATUS2: 200
sh 600100
end2...
success：600100
STATUS2: 200
sz 002036
end2...
success：002036
STATUS2: 200
sz 000565
end2...
success：000565
STATUS2: 200
sz 002242
end2...
success：002242
STATUS2: 200
sh 600317
end2...
success：600317
STATUS2: 200
sh 603738
end2...
success：603738
STATUS2: 200
sz 300066
end2...
success：300066
STATUS2: 200
sh 600528
end2...
success：600528
STATUS2: 200
sz 002498
end2...
success：002498
STATUS2: 200
sh 600754
end2...
success：600754
STATUS2: 200
sz 300221
end2...
success：300221
STATUS2: 200
sh 603300
end2...
success：603300
STATUS2: 200
sz 002016
end2...
success：002016
STATUS2: 200
sz 002792
end2...
success：002792
STATUS2: 200
sz 300262
end2...
success：300262
STATUS2: 200
sz 002523
end2...
success：002523
STATUS2: 200
sh 600523
end2...
success：600523
STATUS2: 200
sz 002679
end2...
success：002679
STATUS2: 200
sz 002280
end2...
success：002280
STATUS2: 200
sz 300529
end2...
success：300529
STATUS2: 200
sz 002593
end2...
success：002593
STATUS2: 200
sz 002621
end2...
success：002621
STATUS2: 200
sh 603580
end2...
success：603580
STATUS2: 200
sz 002340
end2...
success：002340
STATUS2: 200
sz 300052
end2...
success：300052
STATUS2: 200
sz 002149
end2...
success：002149
STATUS2: 200
sz 000036
end2...
success：000036
STATUS2: 200
sz 002584
end2...
success：002584
STATUS2: 200
sz 002491
end2...
success：002491
STATUS2: 200
sz 000014
end2...
success：000014
STATUS2: 200
sz 002480
end2...
success：002480
STATUS2: 200
sz 300412
end2...
success：300412
STATUS2: 200
sz 300621
end2...
success：300621
STATUS2: 200
sh 600390
end2...
success：600390
STATUS2: 200
sz 300466
end2...
success：300466
STATUS2: 200
sz 002758
end2...
success：002758
STATUS2: 200
sz 000609
end2...
success：000609
STATUS2: 200
sh 600834
end2...
success：600834
STATUS2: 200
sh 601949
end2...
success：601949
STATUS2: 200
sh 600668
end2...
success：600668
STATUS2: 200
sz 002375
end2...
success：002375
STATUS2: 200
sz 300051
end2...
success：300051
STATUS2: 200
sz 002369
end2...
success：002369
STATUS2: 200
sz 300288
end2...
success：300288
STATUS2: 200
sz 002182
end2...
success：002182
STATUS2: 200
sh 600816
end2...
success：600816
STATUS2: 200
sz 000760
end2...
success：000760
STATUS2: 200
sz 300370
end2...
success：300370
STATUS2: 200
sh 601238
end2...
success：601238
STATUS2: 200
sz 300505
end2...
success：300505
STATUS2: 200
sz 000599
end2...
success：000599
STATUS2: 200
sz 002023
end2...
success：002023
STATUS2: 200
sz 300032
end2...
success：300032
STATUS2: 200
sh 603668
end2...
success：603668
STATUS2: 200
sh 601872
end2...
success：601872
STATUS2: 200
sh 600098
end2...
success：600098
STATUS2: 200
sh 603268
end2...
success：603268
STATUS2: 200
sz 002017
end2...
success：002017
STATUS2: 200
sz 300025
end2...
success：300025
STATUS2: 200
sh 600112
end2...
success：600112
STATUS2: 200
sz 002283
end2...
success：002283
STATUS2: 200
sh 600018
end2...
success：600018
STATUS2: 200
sz 002321
end2...
success：002321
STATUS2: 200
sz 300108
end2...
success：300108
STATUS2: 200
sz 300296
end2...
success：300296
STATUS2: 200
sz 000799
end2...
success：000799
STATUS2: 200
sz 002483
end2...
success：002483
STATUS2: 200
sz 300390
end2...
success：300390
STATUS2: 200
sz 300203
end2...
success：300203
STATUS2: 200
sz 002026
end2...
success：002026
STATUS2: 200
sz 002294
end2...
success：002294
STATUS2: 200
sh 600113
end2...
success：600113
STATUS2: 200
sz 300439
end2...
success：300439
STATUS2: 200
sh 600282
end2...
success：600282
STATUS2: 200
sh 603113
end2...
success：603113
STATUS2: 200
sh 600077
end2...
success：600077
STATUS2: 200
sz 300295
end2...
success：300295
STATUS2: 200
sz 300388
end2...
success：300388
STATUS2: 200
sz 002596
end2...
success：002596
STATUS2: 200
sz 300478
end2...
success：300478
STATUS2: 200
sz 300619
end2...
success：300619
STATUS2: 200
sh 601069
end2...
success：601069
STATUS2: 200
sz 002895
end2...
success：002895
STATUS2: 200
sz 000962
end2...
success：000962
STATUS2: 200
sh 603990
end2...
success：603990
STATUS2: 200
sh 600485
end2...
success：600485
STATUS2: 200
sh 603816
end2...
success：603816
STATUS2: 200
sz 300485
end2...
success：300485
STATUS2: 200
sh 603345
end2...
success：603345
STATUS2: 200
sz 000055
end2...
success：000055
STATUS2: 200
sz 300628
end2...
success：300628
STATUS2: 200
sz 300678
end2...
success：300678
STATUS2: 200
sz 000626
end2...
success：000626
STATUS2: 200
sz 002066
end2...
success：002066
STATUS2: 200
sz 002320
end2...
success：002320
STATUS2: 200
sz 300534
end2...
success：300534
STATUS2: 200
sz 002829
end2...
success：002829
STATUS2: 200
sh 600811
end2...
success：600811
STATUS2: 200
sz 002898
end2...
success：002898
STATUS2: 200
sh 600255
end2...
success：600255
STATUS2: 200
sz 300509
end2...
success：300509
STATUS2: 200
sh 600260
end2...
success：600260
STATUS2: 200
sh 600673
end2...
success：600673
STATUS2: 200
sh 603360
end2...
success：603360
STATUS2: 200
sh 600159
end2...
success：600159
STATUS2: 200
sz 300134
end2...
success：300134
STATUS2: 200
sz 000822
end2...
success：000822
STATUS2: 200
sz 002030
end2...
success：002030
STATUS2: 200
sz 300062
end2...
success：300062
STATUS2: 200
sh 600481
end2...
success：600481
STATUS2: 200
sz 002791
end2...
success：002791
STATUS2: 200
sz 002532
end2...
success：002532
STATUS2: 200
sz 300056
end2...
success：300056
STATUS2: 200
sh 603757
end2...
success：603757
STATUS2: 200
sh 600229
end2...
success：600229
STATUS2: 200
sh 603227
end2...
success：603227
STATUS2: 200
sz 000488
end2...
success：000488
STATUS2: 200
sz 300528
end2...
success：300528
STATUS2: 200
sh 600067
end2...
success：600067
STATUS2: 200
sz 000628
end2...
success：000628
STATUS2: 200
sz 300336
end2...
success：300336
STATUS2: 200
sh 600462
end2...
success：600462
STATUS2: 200
sz 002211
end2...
success：002211
STATUS2: 200
sz 002443
end2...
success：002443
STATUS2: 200
sz 000807
end2...
success：000807
STATUS2: 200
sh 601900
end2...
success：601900
STATUS2: 200
sh 600508
end2...
success：600508
STATUS2: 200
sh 600555
end2...
success：600555
STATUS2: 200
sh 600521
end2...
success：600521
STATUS2: 200
sh 600315
end2...
success：600315
STATUS2: 200
sz 300138
end2...
success：300138
STATUS2: 200
sz 002326
end2...
success：002326
STATUS2: 200
sh 600290
end2...
success：600290
STATUS2: 200
sh 603612
end2...
success：603612
STATUS2: 200
sz 002692
end2...
success：002692
STATUS2: 200
sz 002734
end2...
success：002734
STATUS2: 200
sz 300037
end2...
success：300037
STATUS2: 200
sz 300547
end2...
success：300547
STATUS2: 200
sz 300190
end2...
success：300190
STATUS2: 200
sh 600192
end2...
success：600192
STATUS2: 200
sz 002330
end2...
success：002330
STATUS2: 200
sh 603089
end2...
success：603089
STATUS2: 200
sz 002278
end2...
success：002278
STATUS2: 200
sh 600163
end2...
success：600163
STATUS2: 200
sz 002591
end2...
success：002591
STATUS2: 200
sz 000797
end2...
success：000797
STATUS2: 200
sh 600593
end2...
success：600593
STATUS2: 200
sz 002840
end2...
success：002840
STATUS2: 200
sz 000612
end2...
success：000612
STATUS2: 200
sz 002867
end2...
success：002867
STATUS2: 200
sh 600422
end2...
success：600422
STATUS2: 200
sh 603258
end2...
success：603258
STATUS2: 200
sz 000766
end2...
success：000766
STATUS2: 200
sz 002543
end2...
success：002543
STATUS2: 200
sz 002199
end2...
success：002199
STATUS2: 200
sz 002124
end2...
success：002124
STATUS2: 200
sz 002595
end2...
success：002595
STATUS2: 200
sz 002279
end2...
success：002279
STATUS2: 200
sh 600893
end2...
success：600893
STATUS2: 200
sh 601118
end2...
success：601118
STATUS2: 200
sz 002456
end2...
success：002456
STATUS2: 200
sh 600818
end2...
success：600818
STATUS2: 200
sz 002237
end2...
success：002237
STATUS2: 200
sz 000620
end2...
success：000620
STATUS2: 200
sz 300254
end2...
success：300254
STATUS2: 200
sz 002252
end2...
success：002252
STATUS2: 200
sh 600690
end2...
success：600690
STATUS2: 200
sz 000503
end2...
success：000503
STATUS2: 200
sz 002640
end2...
success：002640
STATUS2: 200
sz 300576
end2...
success：300576
STATUS2: 200
sz 002098
end2...
success：002098
STATUS2: 200
sz 300192
end2...
success：300192
STATUS2: 200
sz 000880
end2...
success：000880
STATUS2: 200
sh 603997
end2...
success：603997
STATUS2: 200
sh 603991
end2...
success：603991
STATUS2: 200
sz 002152
end2...
success：002152
STATUS2: 200
sz 002331
end2...
success：002331
STATUS2: 200
sh 600889
end2...
success：600889
STATUS2: 200
sh 603007
end2...
success：603007
STATUS2: 200
sz 002022
end2...
success：002022
STATUS2: 200
sh 603458
end2...
success：603458
STATUS2: 200
sz 002220
end2...
success：002220
STATUS2: 200
sz 300441
end2...
success：300441
STATUS2: 200
sz 300339
end2...
success：300339
STATUS2: 200
sz 002424
end2...
success：002424
STATUS2: 200
sh 600531
end2...
success：600531
STATUS2: 200
sz 000430
end2...
success：000430
STATUS2: 200
sz 300545
end2...
success：300545
STATUS2: 200
sz 300650
end2...
success：300650
STATUS2: 200
sz 002494
end2...
success：002494
STATUS2: 200
sz 300128
end2...
success：300128
STATUS2: 200
sz 002342
end2...
success：002342
STATUS2: 200
sh 600510
end2...
success：600510
STATUS2: 200
sh 600978
end2...
success：600978
STATUS2: 200
sz 300081
end2...
success：300081
STATUS2: 200
sh 600529
end2...
success：600529
STATUS2: 200
sh 600446
end2...
success：600446
STATUS2: 200
sh 603606
end2...
success：603606
STATUS2: 200
sz 002639
end2...
success：002639
STATUS2: 200
sz 300637
end2...
success：300637
STATUS2: 200
sh 601766
end2...
success：601766
STATUS2: 200
sh 603027
end2...
success：603027
STATUS2: 200
sz 002003
end2...
success：002003
STATUS2: 200
sh 603088
end2...
success：603088
STATUS2: 200
sh 603799
end2...
success：603799
STATUS2: 200
sz 300145
end2...
success：300145
STATUS2: 200
sz 002192
end2...
success：002192
STATUS2: 200
sz 002815
end2...
success：002815
STATUS2: 200
sz 300601
end2...
success：300601
STATUS2: 200
sh 600320
end2...
success：600320
STATUS2: 200
sh 603958
end2...
success：603958
STATUS2: 200
sz 300420
end2...
success：300420
STATUS2: 200
sz 300506
end2...
success：300506
STATUS2: 200
sh 600178
end2...
success：600178
STATUS2: 200
sh 603960
end2...
success：603960
STATUS2: 200
sh 603826
end2...
success：603826
STATUS2: 200
sz 002088
end2...
success：002088
STATUS2: 200
sh 600050
end2...
success：600050
STATUS2: 200
sh 603380
end2...
success：603380
STATUS2: 200
sz 000555
end2...
success：000555
STATUS2: 200
sz 000680
end2...
success：000680
STATUS2: 200
sh 600259
end2...
success：600259
STATUS2: 200
sz 300434
end2...
success：300434
STATUS2: 200
sh 603009
end2...
success：603009
STATUS2: 200
sh 600458
end2...
success：600458
STATUS2: 200
sz 002633
end2...
success：002633
STATUS2: 200
sz 300491
end2...
success：300491
STATUS2: 200
sz 000532
end2...
success：000532
STATUS2: 200
sh 603328
end2...
success：603328
STATUS2: 200
sz 002140
end2...
success：002140
STATUS2: 200
sz 002469
end2...
success：002469
STATUS2: 200
sh 600857
end2...
success：600857
STATUS2: 200
sh 600617
end2...
success：600617
STATUS2: 200
sh 600995
end2...
success：600995
STATUS2: 200
sz 000587
end2...
success：000587
STATUS2: 200
sz 002727
end2...
success：002727
STATUS2: 200
sz 300289
end2...
success：300289
STATUS2: 200
sh 600072
end2...
success：600072
STATUS2: 200
sz 002356
end2...
success：002356
STATUS2: 200
sz 000989
end2...
success：000989
STATUS2: 200
sz 300144
end2...
success：300144
STATUS2: 200
sz 002271
end2...
success：002271
STATUS2: 200
sz 000411
end2...
success：000411
STATUS2: 200
sz 002683
end2...
success：002683
STATUS2: 200
sz 300598
end2...
success：300598
STATUS2: 200
sh 600139
end2...
success：600139
STATUS2: 200
sh 603778
end2...
success：603778
STATUS2: 200
sz 002284
end2...
success：002284
STATUS2: 200
sz 002121
end2...
success：002121
STATUS2: 200
sh 603696
end2...
success：603696
STATUS2: 200
sh 600706
end2...
success：600706
STATUS2: 200
sz 300558
end2...
success：300558
STATUS2: 200
sz 002177
end2...
success：002177
STATUS2: 200
sz 002337
end2...
success：002337
STATUS2: 200
sz 002400
end2...
success：002400
STATUS2: 200
sz 000778
end2...
success：000778
STATUS2: 200
sh 603021
end2...
success：603021
STATUS2: 200
sz 300530
end2...
success：300530
STATUS2: 200
sh 600031
end2...
success：600031
STATUS2: 200
sh 601985
end2...
success：601985
STATUS2: 200
sz 002464
end2...
success：002464
STATUS2: 200
sz 002010
end2...
success：002010
STATUS2: 200
sz 002401
end2...
success：002401
STATUS2: 200
sz 300427
end2...
success：300427
STATUS2: 200
sh 600331
end2...
success：600331
STATUS2: 200
sz 002123
end2...
success：002123
STATUS2: 200
sz 300154
end2...
success：300154
STATUS2: 200
sz 300668
end2...
success：300668
STATUS2: 200
sz 000695
end2...
success：000695
STATUS2: 200
sh 600426
end2...
success：600426
STATUS2: 200
sz 300184
end2...
success：300184
STATUS2: 200
sz 002052
end2...
success：002052
STATUS2: 200
sz 002533
end2...
success：002533
STATUS2: 200
sh 603269
end2...
success：603269
STATUS2: 200
sz 300519
end2...
success：300519
STATUS2: 200
sh 601800
end2...
success：601800
STATUS2: 200
sz 300533
end2...
success：300533
STATUS2: 200
sh 603828
end2...
success：603828
STATUS2: 200
sz 300237
end2...
success：300237
STATUS2: 200
sh 600693
end2...
success：600693
STATUS2: 200
sz 002078
end2...
success：002078
STATUS2: 200
sz 300626
end2...
success：300626
STATUS2: 200
sh 603040
end2...
success：603040
STATUS2: 200
sh 600648
end2...
success：600648
STATUS2: 200
sh 603033
end2...
success：603033
STATUS2: 200
sz 000591
end2...
success：000591
STATUS2: 200
sz 300229
end2...
success：300229
STATUS2: 200
sz 000868
end2...
success：000868
STATUS2: 200
sh 600722
end2...
success：600722
STATUS2: 200
sh 600291
end2...
success：600291
STATUS2: 200
sz 000652
end2...
success：000652
STATUS2: 200
sh 603127
end2...
success：603127
STATUS2: 200
sz 300421
end2...
success：300421
STATUS2: 200
sz 002180
end2...
success：002180
STATUS2: 200
sz 000721
end2...
success：000721
STATUS2: 200
sz 300207
end2...
success：300207
STATUS2: 200
sz 002748
end2...
success：002748
STATUS2: 200
sz 300102
end2...
success：300102
STATUS2: 200
sz 002569
end2...
success：002569
STATUS2: 200
sh 600180
end2...
success：600180
STATUS2: 200
sz 300199
end2...
success：300199
STATUS2: 200
sh 601116
end2...
success：601116
STATUS2: 200
sz 000635
end2...
success：000635
STATUS2: 200
sz 002050
end2...
success：002050
STATUS2: 200
sz 002882
end2...
success：002882
STATUS2: 200
sz 002216
end2...
success：002216
STATUS2: 200
sh 603387
end2...
success：603387
STATUS2: 200
sz 002726
end2...
success：002726
STATUS2: 200
sh 600721
end2...
success：600721
STATUS2: 200
sz 000729
end2...
success：000729
STATUS2: 200
sh 600356
end2...
success：600356
STATUS2: 200
sh 603005
end2...
success：603005
STATUS2: 200
sz 000712
end2...
success：000712
STATUS2: 200
sz 300562
end2...
success：300562
STATUS2: 200
sh 603315
end2...
success：603315
STATUS2: 200
sz 300127
end2...
success：300127
STATUS2: 200
sz 002313
end2...
success：002313
STATUS2: 200
sh 600478
end2...
success：600478
STATUS2: 200
sh 600568
end2...
success：600568
STATUS2: 200
sh 603099
end2...
success：603099
STATUS2: 200
sz 000058
end2...
success：000058
STATUS2: 200
sz 002006
end2...
success：002006
STATUS2: 200
sz 300515
end2...
success：300515
STATUS2: 200
sz 300591
end2...
success：300591
STATUS2: 200
sz 300089
end2...
success：300089
STATUS2: 200
sh 601718
end2...
success：601718
STATUS2: 200
sz 002664
end2...
success：002664
STATUS2: 200
sz 300149
end2...
success：300149
STATUS2: 200
sz 000540
end2...
success：000540
STATUS2: 200
sz 000786
end2...
success：000786
STATUS2: 200
sz 002666
end2...
success：002666
STATUS2: 200
sz 002416
end2...
success：002416
STATUS2: 200
sh 601005
end2...
success：601005
STATUS2: 200
sz 300341
end2...
success：300341
STATUS2: 200
sh 600742
end2...
success：600742
STATUS2: 200
sz 000662
end2...
success：000662
STATUS2: 200
sz 002383
end2...
success：002383
STATUS2: 200
sh 600326
end2...
success：600326
STATUS2: 200
sz 000400
end2...
success：000400
STATUS2: 200
sz 000523
end2...
success：000523
STATUS2: 200
sz 300458
end2...
success：300458
STATUS2: 200
sh 600549
end2...
success：600549
STATUS2: 200
sz 002698
end2...
success：002698
STATUS2: 200
sz 002300
end2...
success：002300
STATUS2: 200
sz 002865
end2...
success：002865
STATUS2: 200
sh 603429
end2...
success：603429
STATUS2: 200
sz 300140
end2...
success：300140
STATUS2: 200
sz 002044
end2...
success：002044
STATUS2: 200
sz 002785
end2...
success：002785
STATUS2: 200
sz 002202
end2...
success：002202
STATUS2: 200
sh 603618
end2...
success：603618
STATUS2: 200
sz 002693
end2...
success：002693
STATUS2: 200
sz 002403
end2...
success：002403
STATUS2: 200
sh 600396
end2...
success：600396
STATUS2: 200
sh 601336
end2...
success：601336
STATUS2: 200
sz 002728
end2...
success：002728
STATUS2: 200
sz 300331
end2...
success：300331
STATUS2: 200
sh 601607
end2...
success：601607
STATUS2: 200
sz 000938
end2...
success：000938
STATUS2: 200
sz 000584
end2...
success：000584
STATUS2: 200
sh 601677
end2...
success：601677
STATUS2: 200
sh 600526
end2...
success：600526
STATUS2: 200
sz 000151
end2...
success：000151
STATUS2: 200
sz 002291
end2...
success：002291
STATUS2: 200
sz 300020
end2...
success：300020
STATUS2: 200
sz 300158
end2...
success：300158
STATUS2: 200
sz 002191
end2...
success：002191
STATUS2: 200
sz 002259
end2...
success：002259
STATUS2: 200
sz 002614
end2...
success：002614
STATUS2: 200
sz 000723
end2...
success：000723
STATUS2: 200
sz 300036
end2...
success：300036
STATUS2: 200
sh 600698
end2...
success：600698
STATUS2: 200
sh 600262
end2...
success：600262
STATUS2: 200
sh 603677
end2...
success：603677
STATUS2: 200
sz 300468
end2...
success：300468
STATUS2: 200
sz 002701
end2...
success：002701
STATUS2: 200
sz 002086
end2...
success：002086
STATUS2: 200
sz 002350
end2...
success：002350
STATUS2: 200
sz 000727
end2...
success：000727
STATUS2: 200
sz 002863
end2...
success：002863
STATUS2: 200
sz 300345
end2...
success：300345
STATUS2: 200
sz 000525
end2...
success：000525
STATUS2: 200
sz 002425
end2...
success：002425
STATUS2: 200
sh 603555
end2...
success：603555
STATUS2: 200
sh 601899
end2...
success：601899
STATUS2: 200
sz 300059
end2...
success：300059
STATUS2: 200
sz 300215
end2...
success：300215
STATUS2: 200
sz 002745
end2...
success：002745
STATUS2: 200
sh 600027
end2...
success：600027
STATUS2: 200
sh 600872
end2...
success：600872
STATUS2: 200
sz 300539
end2...
success：300539
STATUS2: 200
sh 601666
end2...
success：601666
STATUS2: 200
sz 002869
end2...
success：002869
STATUS2: 200
sz 300284
end2...
success：300284
STATUS2: 200
sz 300470
end2...
success：300470
STATUS2: 200
sz 002578
end2...
success：002578
STATUS2: 200
sh 603058
end2...
success：603058
STATUS2: 200
sz 002422
end2...
success：002422
STATUS2: 200
sz 002717
end2...
success：002717
STATUS2: 200
sz 002250
end2...
success：002250
STATUS2: 200
sz 002856
end2...
success：002856
STATUS2: 200
sh 600429
end2...
success：600429
STATUS2: 200
sh 601555
end2...
success：601555
STATUS2: 200
sh 603218
end2...
success：603218
STATUS2: 200
sz 300527
end2...
success：300527
STATUS2: 200
sh 600822
end2...
success：600822
STATUS2: 200
sh 600094
end2...
success：600094
STATUS2: 200
sz 300499
end2...
success：300499
STATUS2: 200
sh 600979
end2...
success：600979
STATUS2: 200
sh 603222
end2...
success：603222
STATUS2: 200
sh 600881
end2...
success：600881
STATUS2: 200
sz 300677
end2...
success：300677
STATUS2: 200
sz 000511
end2...
success：000511
STATUS2: 200
sz 300647
end2...
success：300647
STATUS2: 200
sz 002338
end2...
success：002338
STATUS2: 200
sh 600773
end2...
success：600773
STATUS2: 200
sz 300457
end2...
success：300457
STATUS2: 200
sz 002615
end2...
success：002615
STATUS2: 200
sz 300397
end2...
success：300397
STATUS2: 200
sh 600543
end2...
success：600543
STATUS2: 200
sz 002608
end2...
success：002608
STATUS2: 200
sz 002880
end2...
success：002880
STATUS2: 200
sz 002899
end2...
success：002899
STATUS2: 200
sz 300152
end2...
success：300152
STATUS2: 200
sz 002406
end2...
success：002406
STATUS2: 200
sz 000560
end2...
success：000560
STATUS2: 200
sh 603333
end2...
success：603333
STATUS2: 200
sz 000011
end2...
success：000011
STATUS2: 200
sh 601616
end2...
success：601616
STATUS2: 200
sh 600982
end2...
success：600982
STATUS2: 200
sh 600207
end2...
success：600207
STATUS2: 200
sh 603701
end2...
success：603701
STATUS2: 200
sh 603166
end2...
success：603166
STATUS2: 200
sh 600237
end2...
success：600237
STATUS2: 200
sh 603843
end2...
success：603843
STATUS2: 200
sz 002344
end2...
success：002344
STATUS2: 200
sz 002638
end2...
success：002638
STATUS2: 200
sh 603010
end2...
success：603010
STATUS2: 200
sh 603938
end2...
success：603938
STATUS2: 200
sh 603609
end2...
success：603609
STATUS2: 200
sz 002186
end2...
success：002186
STATUS2: 200
sz 000717
end2...
success：000717
STATUS2: 200
sh 603527
end2...
success：603527
STATUS2: 200
sz 300010
end2...
success：300010
STATUS2: 200
sz 300433
end2...
success：300433
STATUS2: 200
sz 000681
end2...
success：000681
STATUS2: 200
sz 002512
end2...
success：002512
STATUS2: 200
sz 002705
end2...
success：002705
STATUS2: 200
sh 603558
end2...
success：603558
STATUS2: 200
sh 600578
end2...
success：600578
STATUS2: 200
sz 002848
end2...
success：002848
STATUS2: 200
sz 300241
end2...
success：300241
STATUS2: 200
sh 603136
end2...
success：603136
STATUS2: 200
sz 300082
end2...
success：300082
STATUS2: 200
sh 600276
end2...
success：600276
STATUS2: 200
sz 000603
end2...
success：000603
STATUS2: 200
sz 000859
end2...
success：000859
STATUS2: 200
sz 002054
end2...
success：002054
STATUS2: 200
sh 603933
end2...
success：603933
STATUS2: 200
sz 300169
end2...
success：300169
STATUS2: 200
sz 000030
end2...
success：000030
STATUS2: 200
sh 600287
end2...
success：600287
STATUS2: 200
sh 603993
end2...
success：603993
STATUS2: 200
sh 600069
end2...
success：600069
STATUS2: 200
sh 601928
end2...
success：601928
STATUS2: 200
sh 601208
end2...
success：601208
STATUS2: 200
sz 002145
end2...
success：002145
STATUS2: 200
sz 000521
end2...
success：000521
STATUS2: 200
sh 600197
end2...
success：600197
STATUS2: 200
sh 600127
end2...
success：600127
STATUS2: 200
sz 002161
end2...
success：002161
STATUS2: 200
sz 000567
end2...
success：000567
STATUS2: 200
sz 300076
end2...
success：300076
STATUS2: 200
sz 300312
end2...
success：300312
STATUS2: 200
sh 600665
end2...
success：600665
STATUS2: 200
sh 601166
end2...
success：601166
STATUS2: 200
sh 601933
end2...
success：601933
STATUS2: 200
sh 600152
end2...
success：600152
STATUS2: 200
sz 000970
end2...
success：000970
STATUS2: 200
sh 603508
end2...
success：603508
STATUS2: 200
sz 000671
end2...
success：000671
STATUS2: 200
sz 002451
end2...
success：002451
STATUS2: 200
sz 300054
end2...
success：300054
STATUS2: 200
sz 300472
end2...
success：300472
STATUS2: 200
sz 002208
end2...
success：002208
STATUS2: 200
sz 002442
end2...
success：002442
STATUS2: 200
sz 002213
end2...
success：002213
STATUS2: 200
sz 000668
end2...
success：000668
STATUS2: 200
sz 002642
end2...
success：002642
STATUS2: 200
sz 000506
end2...
success：000506
STATUS2: 200
sh 600559
end2...
success：600559
STATUS2: 200
sh 600577
end2...
success：600577
STATUS2: 200
sz 000782
end2...
success：000782
STATUS2: 200
sh 603079
end2...
success：603079
STATUS2: 200
sz 300405
end2...
success：300405
STATUS2: 200
sh 600505
end2...
success：600505
STATUS2: 200
sh 603338
end2...
success：603338
STATUS2: 200
sz 002414
end2...
success：002414
STATUS2: 200
sz 002090
end2...
success：002090
STATUS2: 200
sz 300414
end2...
success：300414
STATUS2: 200
sz 000615
end2...
success：000615
STATUS2: 200
sz 300501
end2...
success：300501
STATUS2: 200
sz 300629
end2...
success：300629
STATUS2: 200
sh 600388
end2...
success：600388
STATUS2: 200
sz 002104
end2...
success：002104
STATUS2: 200
sz 002454
end2...
success：002454
STATUS2: 200
sh 600353
end2...
success：600353
STATUS2: 200
sh 601100
end2...
success：601100
STATUS2: 200
sz 002524
end2...
success：002524
STATUS2: 200
sz 002697
end2...
success：002697
STATUS2: 200
sz 300028
end2...
success：300028
STATUS2: 200
sz 002229
end2...
success：002229
STATUS2: 200
sz 002004
end2...
success：002004
STATUS2: 200
sz 002622
end2...
success：002622
STATUS2: 200
sh 603266
end2...
success：603266
STATUS2: 200
sh 603110
end2...
success：603110
STATUS2: 200
sz 300137
end2...
success：300137
STATUS2: 200
sh 600059
end2...
success：600059
STATUS2: 200
sz 002189
end2...
success：002189
STATUS2: 200
sz 002061
end2...
success：002061
STATUS2: 200
sz 300017
end2...
success：300017
STATUS2: 200
sz 300497
end2...
success：300497
STATUS2: 200
sz 002336
end2...
success：002336
STATUS2: 200
sz 002002
end2...
success：002002
STATUS2: 200
sh 603798
end2...
success：603798
STATUS2: 200
sz 300046
end2...
success：300046
STATUS2: 200
sh 600837
end2...
success：600837
STATUS2: 200
sh 600897
end2...
success：600897
STATUS2: 200
sh 600362
end2...
success：600362
STATUS2: 200
sh 603611
end2...
success：603611
STATUS2: 200
sh 603106
end2...
success：603106
STATUS2: 200
sh 603986
end2...
success：603986
STATUS2: 200
sz 300367
end2...
success：300367
STATUS2: 200
sh 600735
end2...
success：600735
STATUS2: 200
sh 600068
end2...
success：600068
STATUS2: 200
sz 002725
end2...
success：002725
STATUS2: 200
sh 600279
end2...
success：600279
STATUS2: 200
sh 601008
end2...
success：601008
STATUS2: 200
sz 002448
end2...
success：002448
STATUS2: 200
sh 600909
end2...
success：600909
STATUS2: 200
sz 002069
end2...
success：002069
STATUS2: 200
sz 002461
end2...
success：002461
STATUS2: 200
sh 600165
end2...
success：600165
STATUS2: 200
sz 002582
end2...
success：002582
STATUS2: 200
sz 002322
end2...
success：002322
STATUS2: 200
sz 002749
end2...
success：002749
STATUS2: 200
sh 600190
end2...
success：600190
STATUS2: 200
sh 603299
end2...
success：603299
STATUS2: 200
sz 300686
end2...
success：300686
STATUS2: 200
sz 002623
end2...
success：002623
STATUS2: 200
sh 600691
end2...
success：600691
STATUS2: 200
sh 600716
end2...
success：600716
STATUS2: 200
sh 600760
end2...
success：600760
STATUS2: 200
sh 600829
end2...
success：600829
STATUS2: 200
sz 300653
end2...
success：300653
STATUS2: 200
sz 000576
end2...
success：000576
STATUS2: 200
sz 300342
end2...
success：300342
STATUS2: 200
sz 000961
end2...
success：000961
STATUS2: 200
sh 603016
end2...
success：603016
STATUS2: 200
sh 603063
end2...
success：603063
STATUS2: 200
sz 300665
end2...
success：300665
STATUS2: 200
sz 002872
end2...
success：002872
STATUS2: 200
sh 600999
end2...
success：600999
STATUS2: 200
sh 603603
end2...
success：603603
STATUS2: 200
sz 002466
end2...
success：002466
STATUS2: 200
sz 300611
end2...
success：300611
STATUS2: 200
sh 600337
end2...
success：600337
STATUS2: 200
sz 002197
end2...
success：002197
STATUS2: 200
sz 000531
end2...
success：000531
STATUS2: 200
sz 300093
end2...
success：300093
STATUS2: 200
sh 600571
end2...
success：600571
STATUS2: 200
sh 600836
end2...
success：600836
STATUS2: 200
sz 002343
end2...
success：002343
STATUS2: 200
sz 000608
end2...
success：000608
STATUS2: 200
sz 002478
end2...
success：002478
STATUS2: 200
sz 000757
end2...
success：000757
STATUS2: 200
sh 600185
end2...
success：600185
STATUS2: 200
sz 002851
end2...
success：002851
STATUS2: 200
sz 300557
end2...
success：300557
STATUS2: 200
sh 600480
end2...
success：600480
STATUS2: 200
sz 002819
end2...
success：002819
STATUS2: 200
sz 002288
end2...
success：002288
STATUS2: 200
sz 000625
end2...
success：000625
STATUS2: 200
sz 002390
end2...
success：002390
STATUS2: 200
sz 002444
end2...
success：002444
STATUS2: 200
sz 002536
end2...
success：002536
STATUS2: 200
sh 600517
end2...
success：600517
STATUS2: 200
sz 002147
end2...
success：002147
STATUS2: 200
sz 300302
end2...
success：300302
STATUS2: 200
sz 002589
end2...
success：002589
STATUS2: 200
sz 000158
end2...
success：000158
STATUS2: 200
sz 300038
end2...
success：300038
STATUS2: 200
sz 300593
end2...
success：300593
STATUS2: 200
sh 600293
end2...
success：600293
STATUS2: 200
sh 600990
end2...
success：600990
STATUS2: 200
sh 600782
end2...
success：600782
STATUS2: 200
sz 300178
end2...
success：300178
STATUS2: 200
sz 000903
end2...
success：000903
STATUS2: 200
sh 600460
end2...
success：600460
STATUS2: 200
sh 603663
end2...
success：603663
STATUS2: 200
sz 300278
end2...
success：300278
STATUS2: 200
sz 002470
end2...
success：002470
STATUS2: 200
sh 600378
end2...
success：600378
STATUS2: 200
sh 600660
end2...
success：600660
STATUS2: 200
sh 600861
end2...
success：600861
STATUS2: 200
sh 600869
end2...
success：600869
STATUS2: 200
sz 300175
end2...
success：300175
STATUS2: 200
sh 600579
end2...
success：600579
STATUS2: 200
sz 002160
end2...
success：002160
STATUS2: 200
sz 002142
end2...
success：002142
STATUS2: 200
sh 603377
end2...
success：603377
STATUS2: 200
sh 600352
end2...
success：600352
STATUS2: 200
sh 600759
end2...
success：600759
STATUS2: 200
sz 002105
end2...
success：002105
STATUS2: 200
sz 300490
end2...
success：300490
STATUS2: 200
sh 603318
end2...
success：603318
STATUS2: 200
sh 600605
end2...
success：600605
STATUS2: 200
sz 000428
end2...
success：000428
STATUS2: 200
sh 601599
end2...
success：601599
STATUS2: 200
sz 000552
end2...
success：000552
STATUS2: 200
sz 002062
end2...
success：002062
STATUS2: 200
sz 001696
end2...
success：001696
STATUS2: 200
sz 300125
end2...
success：300125
STATUS2: 200
sz 002210
end2...
success：002210
STATUS2: 200
sz 300088
end2...
success：300088
STATUS2: 200
sz 300090
end2...
success：300090
STATUS2: 200
sz 000049
end2...
success：000049
STATUS2: 200
sz 002487
end2...
success：002487
STATUS2: 200
sz 000716
end2...
success：000716
STATUS2: 200
sz 300058
end2...
success：300058
STATUS2: 200
sh 600898
end2...
success：600898
STATUS2: 200
sz 002318
end2...
success：002318
STATUS2: 200
sz 000586
end2...
success：000586
STATUS2: 200
sz 002131
end2...
success：002131
STATUS2: 200
sz 300112
end2...
success：300112
STATUS2: 200
sh 600038
end2...
success：600038
STATUS2: 200
sh 600160
end2...
success：600160
STATUS2: 200
sz 002769
end2...
success：002769
STATUS2: 200
sh 600598
end2...
success：600598
STATUS2: 200
sz 002535
end2...
success：002535
STATUS2: 200
sz 300239
end2...
success：300239
STATUS2: 200
sz 002891
end2...
success：002891
STATUS2: 200
sz 300094
end2...
success：300094
STATUS2: 200
sz 000505
end2...
success：000505
STATUS2: 200
sz 000831
end2...
success：000831
STATUS2: 200
sh 600697
end2...
success：600697
STATUS2: 200
sz 300014
end2...
success：300014
STATUS2: 200
sh 601020
end2...
success：601020
STATUS2: 200
sz 300213
end2...
success：300213
STATUS2: 200
sz 000965
end2...
success：000965
STATUS2: 200
sz 002089
end2...
success：002089
STATUS2: 200
sh 603766
end2...
success：603766
STATUS2: 200
sz 000889
end2...
success：000889
STATUS2: 200
sz 300143
end2...
success：300143
STATUS2: 200
sh 603877
end2...
success：603877
STATUS2: 200
sz 300552
end2...
success：300552
STATUS2: 200
sz 002225
end2...
success：002225
STATUS2: 200
sz 300384
end2...
success：300384
STATUS2: 200
sz 300349
end2...
success：300349
STATUS2: 200
sz 002364
end2...
success：002364
STATUS2: 200
sh 600203
end2...
success：600203
STATUS2: 200
sh 600885
end2...
success：600885
STATUS2: 200
sz 300597
end2...
success：300597
STATUS2: 200
sz 300055
end2...
success：300055
STATUS2: 200
sh 603326
end2...
success：603326
STATUS2: 200
sh 601811
end2...
success：601811
STATUS2: 200
sz 300442
end2...
success：300442
STATUS2: 200
sz 000761
end2...
success：000761
STATUS2: 200
sz 300590
end2...
success：300590
STATUS2: 200
sz 002862
end2...
success：002862
STATUS2: 200
sh 603029
end2...
success：603029
STATUS2: 200
sh 603178
end2...
success：603178
STATUS2: 200
sz 300041
end2...
success：300041
STATUS2: 200
sz 300662
end2...
success：300662
STATUS2: 200
sh 603298
end2...
success：603298
STATUS2: 200
sz 000987
end2...
success：000987
STATUS2: 200
sh 603367
end2...
success：603367
STATUS2: 200
sz 300307
end2...
success：300307
STATUS2: 200
sh 600216
end2...
success：600216
STATUS2: 200
sh 600567
end2...
success：600567
STATUS2: 200
sz 002437
end2...
success：002437
STATUS2: 200
sh 603006
end2...
success：603006
STATUS2: 200
sh 600386
end2...
success：600386
STATUS2: 200
sz 002277
end2...
success：002277
STATUS2: 200
sz 000029
end2...
success：000029
STATUS2: 200
sz 300707
end2...
success：300707
STATUS2: 200
sz 300244
end2...
success：300244
STATUS2: 200
sz 300391
end2...
success：300391
STATUS2: 200
sh 603322
end2...
success：603322
STATUS2: 200
sh 600456
end2...
success：600456
STATUS2: 200
sz 002838
end2...
success：002838
STATUS2: 200
sz 002462
end2...
success：002462
STATUS2: 200
sz 000682
end2...
success：000682
STATUS2: 200
sz 002724
end2...
success：002724
STATUS2: 200
sz 300132
end2...
success：300132
STATUS2: 200
sz 002417
end2...
success：002417
STATUS2: 200
sh 600369
end2...
success：600369
STATUS2: 200
sh 600971
end2...
success：600971
STATUS2: 200
sh 601789
end2...
success：601789
STATUS2: 200
sz 000622
end2...
success：000622
STATUS2: 200
sz 002611
end2...
success：002611
STATUS2: 200
sz 002806
end2...
success：002806
STATUS2: 200
sh 600814
end2...
success：600814
STATUS2: 200
sh 600146
end2...
success：600146
STATUS2: 200
sh 600000
end2...
success：600000
STATUS2: 200
sh 600311
end2...
success：600311
STATUS2: 200
sh 600071
end2...
success：600071
STATUS2: 200
sh 600775
end2...
success：600775
STATUS2: 200
sz 300106
end2...
success：300106
STATUS2: 200
sz 002735
end2...
success：002735
STATUS2: 200
sh 600961
end2...
success：600961
STATUS2: 200
sz 002432
end2...
success：002432
STATUS2: 200
sh 603658
end2...
success：603658
STATUS2: 200
sh 600560
end2...
success：600560
STATUS2: 200
sz 002511
end2...
success：002511
STATUS2: 200
sz 300277
end2...
success：300277
STATUS2: 200
sz 000661
end2...
success：000661
STATUS2: 200
sz 002139
end2...
success：002139
STATUS2: 200
sh 600052
end2...
success：600052
STATUS2: 200
sz 002398
end2...
success：002398
STATUS2: 200
sh 601375
end2...
success：601375
STATUS2: 200
sz 000759
end2...
success：000759
STATUS2: 200
sz 002083
end2...
success：002083
STATUS2: 200
sh 603656
2018-07-20 09:17:49.494 start1...
2018-07-20 09:17:49.494 STATUS1: 200
2018-07-20 09:17:49.494 end1...
STATUS2: 200
sz 300712
2018-07-20 09:18:26.708 start1...
2018-07-20 09:18:26.708 STATUS1: 200
2018-07-20 09:18:26.708 end1...
STATUS2: 200
sz 300712
2018-07-20 09:21:20.236 start1...
2018-07-20 09:21:20.236 STATUS1: 200
2018-07-20 09:21:20.236 end1...
STATUS2: 200
2018-07-20 09:21:41.507 start1...
2018-07-20 09:21:41.507 STATUS1: 200
2018-07-20 09:21:41.507 end1...
STATUS2: 200
2018-07-20 09:22:25.292 start1...
2018-07-20 09:22:25.292 STATUS1: 200
2018-07-20 09:22:25.292 end1...
STATUS2: 200
